vhdl work ../../rtl/FastFeedbackFPGA/rtl/fofb_cc_pkg/rtl/vhdl/fofb_cc_version.vhd
vhdl work ../../rtl/FastFeedbackFPGA/rtl/fofb_cc_pkg/rtl/vhdl/fofb_cc_pkg.vhd

vhdl work ../../rtl/FastFeedbackFPGA/rtl/fofb_cc_dpbram/rtl/vhdl/fofb_cc_sdpbram.vhd
vhdl work ../../rtl/FastFeedbackFPGA/rtl/fofb_cc_dpbram/rtl/vhdl/fofb_cc_dpbram.vhd
vhdl work ../../rtl/FastFeedbackFPGA/rtl/fofb_cc_sync/rtl/vhdl/fofb_cc_syncff.vhd
vhdl work ../../rtl/FastFeedbackFPGA/rtl/fofb_cc_sync/rtl/vhdl/fofb_cc_syncdmux.vhd

vhdl work ../../rtl/FastFeedbackFPGA/rtl/fofb_cc_arbmux/rtl/vhdl/fofb_cc_arbmux.vhd
vhdl work ../../rtl/FastFeedbackFPGA/rtl/fofb_cc_cfg_if/rtl/vhdl/fofb_cc_cfg_if.vhd
vhdl work ../../rtl/FastFeedbackFPGA/rtl/fofb_cc_fa_if/rtl/vhdl/fofb_cc_fa_if_bram.vhd
vhdl work ../../rtl/FastFeedbackFPGA/rtl/fofb_cc_fa_if/rtl/vhdl/fofb_cc_fa_if.vhd
vhdl work ../../rtl/FastFeedbackFPGA/rtl/fofb_cc_fod/rtl/vhdl/fofb_cc_fod.vhd
vhdl work ../../rtl/FastFeedbackFPGA/rtl/fofb_cc_frame_cntrl/rtl/vhdl/fofb_cc_frame_cntrl.vhd
vhdl work ../../rtl/FastFeedbackFPGA/rtl/fofb_cc_gtp_if/rtl/vhdl/fofb_cc_gtp_rxcrc.vhd
vhdl work ../../rtl/FastFeedbackFPGA/rtl/fofb_cc_gtp_if/rtl/vhdl/fofb_cc_gtp_txcrc.vhd
vhdl work ../../rtl/FastFeedbackFPGA/rtl/fofb_cc_gtp_if/rtl/vhdl/fofb_cc_gtp_tx_ll.vhd
vhdl work ../../rtl/FastFeedbackFPGA/rtl/fofb_cc_gtp_if/rtl/vhdl/fofb_cc_gtp_rx_ll.vhd
vhdl work ../../rtl/FastFeedbackFPGA/rtl/fofb_cc_gtp_if/rtl/vhdl/fofb_cc_gtp_lane.vhd
vhdl work ../../rtl/FastFeedbackFPGA/rtl/fofb_cc_gtp_if/rtl/vhdl/fofb_cc_gtp_tile.vhd
vhdl work ../../rtl/FastFeedbackFPGA/rtl/fofb_cc_gtp_if/rtl/vhdl/fofb_cc_gtp_if.vhd
vhdl work ../../rtl/FastFeedbackFPGA/rtl/fofb_cc_top/rtl/vhdl/fofb_cc_fifo_rst.vhd
vhdl work ../../rtl/FastFeedbackFPGA/rtl/fofb_cc_rx_fifo/coregen/virtex5/fofb_cc_rx_fifo.vhd
vhdl work ../../rtl/FastFeedbackFPGA/rtl/fofb_cc_tx_fifo/coregen/virtex5/fofb_cc_tx_fifo.vhd
vhdl work ../../rtl/FastFeedbackFPGA/rtl/fofb_cc_clk_if/rtl/vhdl/fofb_cc_usrclk.vhd
vhdl work ../../rtl/FastFeedbackFPGA/rtl/fofb_cc_clk_if/rtl/vhdl/fofb_cc_clk_if.vhd
vhdl work ../../rtl/FastFeedbackFPGA/rtl/fofb_cc_top/rtl/vhdl/fofb_cc_puls_exp.vhd
vhdl work ../../rtl/FastFeedbackFPGA/rtl/fofb_cc_top/rtl/vhdl/fofb_cc_top.vhd
vhdl work ../../rtl/FastFeedbackFPGA/rtl/fofb_cc_top/rtl/vhdl/fofb_cc_top_sniffer_v5_wrapper.vhd

vhdl work ../../rtl/pcie_cc_ics_if/vhdl/ics_ctrl_if.vhd


